TN:
SF:/Users/nathan/development/github.com/oberd/oui-charts/src/Charts.js
FN:8,_interopRequireDefault
FNF:1
FNH:1
FNDA:5,_interopRequireDefault
DA:0,5
LF:1
LH:1
BRDA:8,1,0,0
BRDA:8,1,1,5
BRDA:8,2,0,5
BRDA:8,2,1,5
BRF:4
BRH:4
end_of_record
TN:
SF:/Users/nathan/development/github.com/oberd/oui-charts/src/Charts/Chart.js
FN:5,(anonymous_1)
FN:5,defineProperties
FN:5,(anonymous_3)
FN:7,_interopRequireDefault
FN:9,_classCallCheck
FN:11,_inherits
FN:19,(anonymous_7)
FN:22,Chart
FN:28,getChildContext
FN:36,render
FNF:10
FNH:10
FNDA:1,(anonymous_1)
FNDA:1,defineProperties
FNDA:1,(anonymous_3)
FNDA:1,_interopRequireDefault
FNDA:3,_classCallCheck
FNDA:1,_inherits
FNDA:1,(anonymous_7)
FNDA:3,Chart
FNDA:2,getChildContext
FNDA:2,render
DA:0,3
DA:5,1
DA:15,2
DA:19,2
LF:4
LH:4
BRDA:5,1,0,3
BRDA:5,1,1,0
BRDA:5,2,0,3
BRDA:5,2,1,0
BRDA:5,3,0,0
BRDA:5,3,1,1
BRDA:5,4,0,1
BRDA:5,4,1,0
BRDA:7,5,0,0
BRDA:7,5,1,1
BRDA:7,6,0,1
BRDA:7,6,1,1
BRDA:9,7,0,0
BRDA:9,7,1,3
BRDA:11,8,0,0
BRDA:11,8,1,1
BRDA:11,9,0,1
BRDA:11,9,1,0
BRDA:11,10,0,1
BRDA:11,10,1,1
BRDA:11,11,0,1
BRDA:11,11,1,0
BRDA:11,12,0,1
BRDA:11,12,1,0
BRF:24
BRH:24
end_of_record
TN:
SF:/Users/nathan/development/github.com/oberd/oui-charts/src/Charts/Legend.js
FN:5,(anonymous_1)
FN:5,defineProperties
FN:5,(anonymous_3)
FN:7,_interopRequireDefault
FN:9,_classCallCheck
FN:11,_inherits
FN:21,(anonymous_7)
FN:24,Legend
FN:30,getColorScale
FN:34,(anonymous_10)
FN:35,(anonymous_11)
FN:40,(anonymous_12)
FN:50,render
FN:55,(anonymous_14)
FNF:14
FNH:9
FNDA:1,(anonymous_1)
FNDA:1,defineProperties
FNDA:1,(anonymous_3)
FNDA:2,_interopRequireDefault
FNDA:0,_classCallCheck
FNDA:1,_inherits
FNDA:1,(anonymous_7)
FNDA:0,Legend
FNDA:0,getColorScale
FNDA:0,(anonymous_10)
FNDA:0,(anonymous_11)
FNDA:0,(anonymous_12)
FNDA:0,render
FNDA:0,(anonymous_14)
DA:0,2
DA:5,1
DA:10,0
DA:11,0
DA:12,0
DA:13,0
DA:14,0
DA:19,0
DA:20,0
LF:9
LH:2
BRDA:5,1,0,1
BRDA:5,1,1,0
BRDA:5,2,0,1
BRDA:5,2,1,0
BRDA:5,3,0,0
BRDA:5,3,1,1
BRDA:5,4,0,1
BRDA:5,4,1,0
BRDA:7,5,0,0
BRDA:7,5,1,2
BRDA:7,6,0,2
BRDA:7,6,1,2
BRDA:9,7,0,0
BRDA:9,7,1,0
BRDA:11,8,0,0
BRDA:11,8,1,1
BRDA:11,9,0,1
BRDA:11,9,1,0
BRDA:11,10,0,1
BRDA:11,10,1,1
BRDA:11,11,0,1
BRDA:11,11,1,0
BRDA:11,12,0,1
BRDA:11,12,1,0
BRDA:33,13,0,0
BRDA:33,13,1,0
BRDA:46,14,0,0
BRDA:46,14,1,0
BRF:28
BRH:26
end_of_record
TN:
SF:/Users/nathan/development/github.com/oberd/oui-charts/src/PropTypes/index.js
FNF:0
FNH:0
DA:0,1
DA:4,1
DA:9,1
LF:3
LH:3
BRF:0
BRH:0
end_of_record
TN:
SF:/Users/nathan/development/github.com/oberd/oui-charts/src/Charts/Axis/BucketX.js
FN:5,(anonymous_1)
FN:5,defineProperties
FN:5,(anonymous_3)
FN:7,_interopRequireDefault
FN:9,_classCallCheck
FN:11,_inherits
FN:31,(anonymous_7)
FN:34,BucketX
FN:40,render
FN:51,(anonymous_10)
FNF:10
FNH:8
FNDA:1,(anonymous_1)
FNDA:1,defineProperties
FNDA:1,(anonymous_3)
FNDA:4,_interopRequireDefault
FNDA:0,_classCallCheck
FNDA:1,_inherits
FNDA:1,(anonymous_7)
FNDA:0,BucketX
FNDA:0,render
FNDA:0,(anonymous_10)
DA:0,4
DA:10,1
DA:12,0
DA:13,0
DA:14,0
DA:15,0
DA:16,0
DA:17,0
DA:18,0
DA:19,0
LF:10
LH:2
BRDA:5,1,0,1
BRDA:5,1,1,0
BRDA:5,2,0,1
BRDA:5,2,1,0
BRDA:5,3,0,0
BRDA:5,3,1,1
BRDA:5,4,0,1
BRDA:5,4,1,0
BRDA:7,5,0,0
BRDA:7,5,1,4
BRDA:7,6,0,4
BRDA:7,6,1,4
BRDA:9,7,0,0
BRDA:9,7,1,0
BRDA:11,8,0,0
BRDA:11,8,1,1
BRDA:11,9,0,1
BRDA:11,9,1,0
BRDA:11,10,0,1
BRDA:11,10,1,1
BRDA:11,11,0,1
BRDA:11,11,1,0
BRDA:11,12,0,1
BRDA:11,12,1,0
BRDA:61,13,0,0
BRDA:61,13,1,0
BRDA:78,14,0,1
BRDA:78,14,1,0
BRF:28
BRH:25
end_of_record
TN:
SF:/Users/nathan/development/github.com/oberd/oui-charts/src/Charts/Bars/index.js
FN:5,(anonymous_1)
FN:5,defineProperties
FN:5,(anonymous_3)
FN:7,_interopRequireDefault
FN:9,_classCallCheck
FN:11,_inherits
FN:33,(anonymous_7)
FN:36,Bars
FN:42,renderBars
FN:50,(anonymous_10)
FN:64,(anonymous_11)
FN:68,(anonymous_12)
FN:85,render
FN:104,buildVerticalScales
FNF:14
FNH:14
FNDA:1,(anonymous_1)
FNDA:1,defineProperties
FNDA:1,(anonymous_3)
FNDA:4,_interopRequireDefault
FNDA:3,_classCallCheck
FNDA:1,_inherits
FNDA:1,(anonymous_7)
FNDA:3,Bars
FNDA:1,renderBars
FNDA:2,(anonymous_10)
FNDA:2,(anonymous_11)
FNDA:4,(anonymous_12)
FNDA:1,render
FNDA:1,buildVerticalScales
DA:0,4
DA:12,1
DA:19,1
DA:20,1
DA:22,1
DA:23,1
DA:24,1
DA:25,1
DA:26,1
DA:27,1
DA:29,1
DA:30,1
DA:31,2
DA:32,2
DA:35,2
DA:36,2
DA:37,4
DA:38,4
DA:39,4
DA:52,1
DA:55,1
DA:56,1
DA:57,1
DA:69,1
DA:70,1
DA:71,1
DA:73,1
DA:74,1
LF:28
LH:28
BRDA:5,1,0,2
BRDA:5,1,1,0
BRDA:5,2,0,2
BRDA:5,2,1,0
BRDA:5,3,0,0
BRDA:5,3,1,1
BRDA:5,4,0,1
BRDA:5,4,1,0
BRDA:7,5,0,0
BRDA:7,5,1,4
BRDA:7,6,0,4
BRDA:7,6,1,4
BRDA:9,7,0,0
BRDA:9,7,1,3
BRDA:11,8,0,0
BRDA:11,8,1,1
BRDA:11,9,0,1
BRDA:11,9,1,0
BRDA:11,10,0,1
BRDA:11,10,1,1
BRDA:11,11,0,1
BRDA:11,11,1,0
BRDA:11,12,0,1
BRDA:11,12,1,0
BRDA:130,13,0,1
BRDA:130,13,1,0
BRF:26
BRH:25
end_of_record
TN:
SF:/Users/nathan/development/github.com/oberd/oui-charts/src/Charts/Lines/index.js
FN:5,(anonymous_1)
FN:5,defineProperties
FN:5,(anonymous_3)
FN:7,_interopRequireDefault
FN:9,_classCallCheck
FN:11,_inherits
FN:35,(anonymous_7)
FN:38,Lines
FN:44,getPointX
FN:47,(anonymous_10)
FN:52,getPointY
FN:59,renderPoint
FN:87,renderLines
FN:96,(anonymous_14)
FN:101,(anonymous_15)
FN:111,render
FNF:16
FNH:8
FNDA:1,(anonymous_1)
FNDA:1,defineProperties
FNDA:1,(anonymous_3)
FNDA:5,_interopRequireDefault
FNDA:0,_classCallCheck
FNDA:1,_inherits
FNDA:1,(anonymous_7)
FNDA:0,Lines
FNDA:0,getPointX
FNDA:0,(anonymous_10)
FNDA:0,getPointY
FNDA:0,renderPoint
FNDA:0,renderLines
FNDA:0,(anonymous_14)
FNDA:0,(anonymous_15)
FNDA:0,render
DA:0,5
DA:9,1
DA:15,0
DA:16,0
DA:17,0
DA:18,0
DA:22,0
DA:23,0
DA:24,0
DA:27,0
DA:30,0
DA:31,0
DA:32,0
DA:33,0
DA:34,0
DA:35,0
DA:36,0
DA:44,0
DA:45,0
DA:46,0
DA:56,0
DA:59,0
DA:60,0
DA:61,0
DA:63,0
DA:64,0
DA:65,0
DA:66,0
DA:67,0
DA:69,0
DA:70,0
DA:71,0
DA:74,0
DA:76,0
DA:79,0
LF:35
LH:2
BRDA:5,1,0,2
BRDA:5,1,1,0
BRDA:5,2,0,2
BRDA:5,2,1,0
BRDA:5,3,0,0
BRDA:5,3,1,1
BRDA:5,4,0,1
BRDA:5,4,1,0
BRDA:7,5,0,0
BRDA:7,5,1,5
BRDA:7,6,0,5
BRDA:7,6,1,5
BRDA:9,7,0,0
BRDA:9,7,1,0
BRDA:11,8,0,0
BRDA:11,8,1,1
BRDA:11,9,0,1
BRDA:11,9,1,0
BRDA:11,10,0,1
BRDA:11,10,1,1
BRDA:11,11,0,1
BRDA:11,11,1,0
BRDA:11,12,0,1
BRDA:11,12,1,0
BRDA:60,13,0,0
BRDA:60,13,1,0
BRDA:60,14,0,0
BRDA:60,14,1,0
BRDA:74,15,0,0
BRDA:74,15,1,0
BRDA:97,16,0,0
BRDA:97,16,1,0
BRDA:98,17,0,0
BRDA:98,17,1,0
BRDA:102,18,0,0
BRDA:102,18,1,0
BRDA:136,19,0,1
BRDA:136,19,1,0
BRF:38
BRH:25
end_of_record
TN:
SF:/Users/nathan/development/github.com/oberd/oui-charts/src/Charts/Mixins/AnimatedPrimitive.js
FN:5,_interopRequireDefault
FN:14,shouldComponentUpdate
FN:19,(anonymous_3)
FN:21,(anonymous_4)
FN:26,(anonymous_5)
FN:29,(anonymous_6)
FNF:6
FNH:2
FNDA:1,_interopRequireDefault
FNDA:0,shouldComponentUpdate
FNDA:0,(anonymous_3)
FNDA:0,(anonymous_4)
FNDA:0,(anonymous_5)
FNDA:0,(anonymous_6)
DA:0,1
DA:5,1
DA:7,0
DA:8,0
DA:9,0
DA:12,0
DA:13,0
DA:14,0
DA:15,0
DA:16,0
DA:17,0
DA:18,0
DA:20,0
DA:21,0
DA:23,0
DA:25,0
LF:16
LH:2
BRDA:5,1,0,0
BRDA:5,1,1,1
BRDA:5,2,0,1
BRDA:5,2,1,1
BRDA:25,3,0,0
BRDA:25,3,1,0
BRDA:33,4,0,0
BRDA:33,4,1,0
BRF:8
BRH:4
end_of_record
TN:
SF:/Users/nathan/development/github.com/oberd/oui-charts/src/Charts/Mixins/BucketData.js
FN:5,_interopRequireDefault
FN:14,getValidBuckets
FN:15,(anonymous_3)
FN:16,(anonymous_4)
FN:22,getValues
FN:24,(anonymous_6)
FN:27,(anonymous_7)
FN:31,getValueKeys
FN:33,(anonymous_9)
FN:37,getBucketScale
FN:46,buildYExtents
FN:61,paddedExtent
FN:70,percent
FN:73,getColorScale
FN:77,getBucketAverage
FNF:15
FNH:11
FNDA:1,_interopRequireDefault
FNDA:4,getValidBuckets
FNDA:8,(anonymous_3)
FNDA:8,(anonymous_4)
FNDA:2,getValues
FNDA:4,(anonymous_6)
FNDA:8,(anonymous_7)
FNDA:0,getValueKeys
FNDA:0,(anonymous_9)
FNDA:1,getBucketScale
FNDA:1,buildYExtents
FNDA:1,paddedExtent
FNDA:17,percent
FNDA:0,getColorScale
FNDA:0,getBucketAverage
DA:0,8
DA:5,1
DA:7,4
DA:10,4
DA:13,2
DA:14,2
DA:15,2
DA:18,0
DA:19,0
DA:22,1
DA:23,1
DA:25,1
DA:31,1
DA:33,1
DA:35,1
DA:39,1
DA:40,1
DA:43,17
DA:46,0
DA:47,0
DA:50,0
DA:51,0
LF:22
LH:16
BRDA:5,1,0,0
BRDA:5,1,1,1
BRDA:5,2,0,1
BRDA:5,2,1,1
BRDA:17,3,0,8
BRDA:17,3,1,8
BRF:6
BRH:6
end_of_record
TN:
SF:/Users/nathan/development/github.com/oberd/oui-charts/src/Charts/Primitives/Circle.js
FN:5,(anonymous_1)
FN:5,defineProperties
FN:5,(anonymous_3)
FN:7,_interopRequireDefault
FN:9,_classCallCheck
FN:11,_inherits
FN:23,(anonymous_7)
FN:26,Circle
FN:32,render
FNF:9
FNH:8
FNDA:1,(anonymous_1)
FNDA:1,defineProperties
FNDA:1,(anonymous_3)
FNDA:2,_interopRequireDefault
FNDA:0,_classCallCheck
FNDA:1,_inherits
FNDA:1,(anonymous_7)
FNDA:0,Circle
FNDA:0,render
DA:0,2
DA:7,1
DA:13,0
LF:3
LH:2
BRDA:5,1,0,2
BRDA:5,1,1,0
BRDA:5,2,0,2
BRDA:5,2,1,0
BRDA:5,3,0,0
BRDA:5,3,1,1
BRDA:5,4,0,1
BRDA:5,4,1,0
BRDA:7,5,0,0
BRDA:7,5,1,2
BRDA:7,6,0,2
BRDA:7,6,1,2
BRDA:9,7,0,0
BRDA:9,7,1,0
BRDA:11,8,0,0
BRDA:11,8,1,1
BRDA:11,9,0,1
BRDA:11,9,1,0
BRDA:11,10,0,1
BRDA:11,10,1,1
BRDA:11,11,0,1
BRDA:11,11,1,0
BRDA:11,12,0,1
BRDA:11,12,1,0
BRDA:53,13,0,1
BRDA:53,13,1,0
BRF:26
BRH:25
end_of_record
TN:
SF:/Users/nathan/development/github.com/oberd/oui-charts/src/Charts/Primitives/Line.js
FN:5,(anonymous_1)
FN:5,defineProperties
FN:5,(anonymous_3)
FN:7,_interopRequireDefault
FN:9,_classCallCheck
FN:11,_inherits
FN:23,(anonymous_7)
FN:26,Line
FN:32,render
FNF:9
FNH:8
FNDA:1,(anonymous_1)
FNDA:1,defineProperties
FNDA:1,(anonymous_3)
FNDA:2,_interopRequireDefault
FNDA:0,_classCallCheck
FNDA:1,_inherits
FNDA:1,(anonymous_7)
FNDA:0,Line
FNDA:0,render
DA:0,2
DA:7,1
DA:13,0
LF:3
LH:2
BRDA:5,1,0,2
BRDA:5,1,1,0
BRDA:5,2,0,2
BRDA:5,2,1,0
BRDA:5,3,0,0
BRDA:5,3,1,1
BRDA:5,4,0,1
BRDA:5,4,1,0
BRDA:7,5,0,0
BRDA:7,5,1,2
BRDA:7,6,0,2
BRDA:7,6,1,2
BRDA:9,7,0,0
BRDA:9,7,1,0
BRDA:11,8,0,0
BRDA:11,8,1,1
BRDA:11,9,0,1
BRDA:11,9,1,0
BRDA:11,10,0,1
BRDA:11,10,1,1
BRDA:11,11,0,1
BRDA:11,11,1,0
BRDA:11,12,0,1
BRDA:11,12,1,0
BRDA:53,13,0,1
BRDA:53,13,1,0
BRF:26
BRH:25
end_of_record
TN:
SF:/Users/nathan/development/github.com/oberd/oui-charts/src/Charts/Primitives/Rect.js
FN:5,(anonymous_1)
FN:5,defineProperties
FN:5,(anonymous_3)
FN:7,_interopRequireDefault
FN:9,_classCallCheck
FN:11,_inherits
FN:29,(anonymous_7)
FN:32,Rect
FN:38,componentDidMount
FN:50,render
FNF:10
FNH:8
FNDA:1,(anonymous_1)
FNDA:1,defineProperties
FNDA:1,(anonymous_3)
FNDA:3,_interopRequireDefault
FNDA:0,_classCallCheck
FNDA:1,_inherits
FNDA:1,(anonymous_7)
FNDA:0,Rect
FNDA:0,componentDidMount
FNDA:0,render
DA:0,3
DA:9,1
DA:16,0
DA:17,0
DA:18,0
DA:19,0
DA:27,0
LF:7
LH:2
BRDA:5,1,0,2
BRDA:5,1,1,0
BRDA:5,2,0,2
BRDA:5,2,1,0
BRDA:5,3,0,0
BRDA:5,3,1,1
BRDA:5,4,0,1
BRDA:5,4,1,0
BRDA:7,5,0,0
BRDA:7,5,1,3
BRDA:7,6,0,3
BRDA:7,6,1,3
BRDA:9,7,0,0
BRDA:9,7,1,0
BRDA:11,8,0,0
BRDA:11,8,1,1
BRDA:11,9,0,1
BRDA:11,9,1,0
BRDA:11,10,0,1
BRDA:11,10,1,1
BRDA:11,11,0,1
BRDA:11,11,1,0
BRDA:11,12,0,1
BRDA:11,12,1,0
BRDA:43,13,0,0
BRDA:43,13,1,0
BRDA:71,14,0,1
BRDA:71,14,1,0
BRF:28
BRH:25
end_of_record
TN:
SF:/Users/nathan/development/github.com/oberd/oui-charts/src/Charts/Primitives/Text.js
FN:5,(anonymous_1)
FN:5,defineProperties
FN:5,(anonymous_3)
FN:7,_interopRequireDefault
FN:9,_classCallCheck
FN:11,_inherits
FN:23,(anonymous_7)
FN:26,Rect
FN:32,render
FNF:9
FNH:8
FNDA:1,(anonymous_1)
FNDA:1,defineProperties
FNDA:1,(anonymous_3)
FNDA:2,_interopRequireDefault
FNDA:0,_classCallCheck
FNDA:1,_inherits
FNDA:1,(anonymous_7)
FNDA:0,Rect
FNDA:0,render
DA:0,2
DA:7,1
DA:13,0
LF:3
LH:2
BRDA:5,1,0,2
BRDA:5,1,1,0
BRDA:5,2,0,2
BRDA:5,2,1,0
BRDA:5,3,0,0
BRDA:5,3,1,1
BRDA:5,4,0,1
BRDA:5,4,1,0
BRDA:7,5,0,0
BRDA:7,5,1,2
BRDA:7,6,0,2
BRDA:7,6,1,2
BRDA:9,7,0,0
BRDA:9,7,1,0
BRDA:11,8,0,0
BRDA:11,8,1,1
BRDA:11,9,0,1
BRDA:11,9,1,0
BRDA:11,10,0,1
BRDA:11,10,1,1
BRDA:11,11,0,1
BRDA:11,11,1,0
BRDA:11,12,0,1
BRDA:11,12,1,0
BRDA:55,13,0,1
BRDA:55,13,1,0
BRF:26
BRH:25
end_of_record
